0 info it worked if it ends with ok
1 verbose cli [ 'C:\\Program Files\\nodejs\\node.exe',
1 verbose cli   'C:\\Users\\Administrator\\AppData\\Roaming\\npm\\node_modules\\npm\\bin\\npm-cli.js',
1 verbose cli   'run',
1 verbose cli   'test' ]
2 info using npm@3.10.7
3 info using node@v8.9.4
4 verbose run-script [ 'pretest', 'test', 'posttest' ]
5 info lifecycle react-analysis@1.0.1~pretest: react-analysis@1.0.1
6 silly lifecycle react-analysis@1.0.1~pretest: no script for pretest, continuing
7 info lifecycle react-analysis@1.0.1~test: react-analysis@1.0.1
8 verbose lifecycle react-analysis@1.0.1~test: unsafe-perm in lifecycle true
9 verbose lifecycle react-analysis@1.0.1~test: PATH: C:\Users\Administrator\AppData\Roaming\npm\node_modules\npm\bin\node-gyp-bin;E:\github\react-analysis\node_modules\.bin;C:\Program Files\Docker\Docker\Resources\bin;C:\Python27\;C:\Python27\Scripts;C:\WINDOWS\system32;C:\WINDOWS;C:\WINDOWS\System32\Wbem;C:\WINDOWS\System32\WindowsPowerShell\v1.0\;C:\Program Files\TortoiseSVN\bin;C:\Program Files\Microsoft SQL Server\120\Tools\Binn\;C:\Program Files (x86)\Windows Kits\8.1\Windows Performance Toolkit\;C:\Program Files\Microsoft Windows Performance Toolkit\;C:\Users\Administrator\AppData\Roaming\nvm;C:\Program Files\nodejs;c:\Program Files\Git\cmd;c:\Program Files\Git\mingw64\bin;c:\Program Files\Git\usr\bin;C:\Program Files\Android\Android Studio\jre\bin;C:\Users\Administrator\AppData\Local\Android\Sdk\\platform-tools;C:\Program Files (x86)\Yarn\bin\;D:\cocos2d-x-3.15.1\templates;D:\cocos2d-x-3.15.1\tools\cocos2d-console\bin;C:\Ruby22-x64\bin;C:\Program Files (x86)\Microsoft VS Code\bin;C:\Users\Administrator\AppData\Roaming\nvm;C:\Users\Administrator\AppData\Local\atom\bin;C:\Users\Administrator\AppData\Local\Microsoft\WindowsApps;C:\Users\Administrator\AppData\Roaming\npm;C:\Users\Administrator\AppData\Roaming\nvm;C:\Program Files\nodejs;C:\Users\Administrator\AppData\Local\Yarn\bin
10 verbose lifecycle react-analysis@1.0.1~test: CWD: E:\github\react-analysis
11 silly lifecycle react-analysis@1.0.1~test: Args: [ '/d /s /c', 'karma start' ]
12 silly lifecycle react-analysis@1.0.1~test: Returned: code: 3221225786  signal: null
13 info lifecycle react-analysis@1.0.1~test: Failed to exec test script
14 verbose stack Error: react-analysis@1.0.1 test: `karma start`
14 verbose stack Exit status 3221225786
14 verbose stack     at EventEmitter.<anonymous> (C:\Users\Administrator\AppData\Roaming\npm\node_modules\npm\lib\utils\lifecycle.js:255:16)
14 verbose stack     at emitTwo (events.js:126:13)
14 verbose stack     at EventEmitter.emit (events.js:214:7)
14 verbose stack     at ChildProcess.<anonymous> (C:\Users\Administrator\AppData\Roaming\npm\node_modules\npm\lib\utils\spawn.js:40:14)
14 verbose stack     at emitTwo (events.js:126:13)
14 verbose stack     at ChildProcess.emit (events.js:214:7)
14 verbose stack     at maybeClose (internal/child_process.js:925:16)
14 verbose stack     at Process.ChildProcess._handle.onexit (internal/child_process.js:209:5)
15 verbose pkgid react-analysis@1.0.1
16 verbose cwd E:\github\react-analysis
17 error Windows_NT 10.0.16299
18 error argv "C:\\Program Files\\nodejs\\node.exe" "C:\\Users\\Administrator\\AppData\\Roaming\\npm\\node_modules\\npm\\bin\\npm-cli.js" "run" "test"
19 error node v8.9.4
20 error npm  v3.10.7
21 error code ELIFECYCLE
22 error react-analysis@1.0.1 test: `karma start`
22 error Exit status 3221225786
23 error Failed at the react-analysis@1.0.1 test script 'karma start'.
23 error Make sure you have the latest version of node.js and npm installed.
23 error If you do, this is most likely a problem with the react-analysis package,
23 error not with npm itself.
23 error Tell the author that this fails on your system:
23 error     karma start
23 error You can get information on how to open an issue for this project with:
23 error     npm bugs react-analysis
23 error Or if that isn't available, you can get their info via:
23 error     npm owner ls react-analysis
23 error There is likely additional logging output above.
24 verbose exit [ 1, true ]
